0 info it worked if it ends with ok
1 verbose cli [ '/home/becker/.nvm/versions/node/v4.1.2/bin/node',
1 verbose cli   '/home/becker/.nvm/versions/node/v4.1.2/bin/npm',
1 verbose cli   'start' ]
2 info using npm@2.14.4
3 info using node@v4.1.2
4 verbose stack Error: Invalid name: "request header parser microservice"
4 verbose stack     at ensureValidName (/home/becker/.nvm/versions/node/v4.1.2/lib/node_modules/npm/node_modules/normalize-package-data/lib/fixer.js:331:15)
4 verbose stack     at Object.module.exports.fixNameField (/home/becker/.nvm/versions/node/v4.1.2/lib/node_modules/npm/node_modules/normalize-package-data/lib/fixer.js:210:5)
4 verbose stack     at /home/becker/.nvm/versions/node/v4.1.2/lib/node_modules/npm/node_modules/normalize-package-data/lib/normalize.js:32:38
4 verbose stack     at Array.forEach (native)
4 verbose stack     at normalize (/home/becker/.nvm/versions/node/v4.1.2/lib/node_modules/npm/node_modules/normalize-package-data/lib/normalize.js:31:15)
4 verbose stack     at final (/home/becker/.nvm/versions/node/v4.1.2/lib/node_modules/npm/node_modules/read-package-json/read-json.js:338:5)
4 verbose stack     at then (/home/becker/.nvm/versions/node/v4.1.2/lib/node_modules/npm/node_modules/read-package-json/read-json.js:113:5)
4 verbose stack     at /home/becker/.nvm/versions/node/v4.1.2/lib/node_modules/npm/node_modules/read-package-json/read-json.js:232:12
4 verbose stack     at /home/becker/.nvm/versions/node/v4.1.2/lib/node_modules/npm/node_modules/graceful-fs/graceful-fs.js:76:16
4 verbose stack     at FSReqWrap.readFileAfterClose [as oncomplete] (fs.js:380:3)
5 verbose cwd /home/becker/freecodecamp/request-header-parser-microservice
6 error Linux 4.4.0-119-generic
7 error argv "/home/becker/.nvm/versions/node/v4.1.2/bin/node" "/home/becker/.nvm/versions/node/v4.1.2/bin/npm" "start"
8 error node v4.1.2
9 error npm  v2.14.4
10 error Invalid name: "request header parser microservice"
11 error If you need help, you may report this error at:
11 error     <https://github.com/npm/npm/issues>
12 verbose exit [ 1, true ]
